<?xml version="1.0" encoding="UTF-8" standalone="no"?>
<testsuite errors="0" failures="1" name="io.cucumber.core.plugin.JUnitFormatter" skipped="0" tests="1" time="14.354">
    <testcase classname="Aetna Home" name="Aetna Logo should display" time="13.46">
        <failure message="" type="java.lang.NullPointerException">
            <![CDATA[Given I am Aetna home page..................................................passed
When I wait for four seconds................................................passed
Then I verify if the logo is displayed......................................failed

StackTrace:
java.lang.NullPointerException
	at stepdefinitions.FerAetnaStepDefinition.i_verify_if_the_logo_is_displayed(FerAetnaStepDefinition.java:64)
	at ✽.I verify if the logo is displayed(file:///Users/ferhatbellache/IdeaProjects/Bootcamp_Team3/Aetna/src/test/java/features/FerAetna.feature:6)
]]>
        </failure>
    </testcase>
</testsuite>
